<?xml version="1.0" encoding="UTF-8"?>
<testng-results ignored="0" total="1" passed="1" failed="0" skipped="0">
  <reporter-output>
  </reporter-output>
  <suite started-at="2025-01-24T19:39:02 IST" name="Default suite" finished-at="2025-01-24T19:39:15 IST" duration-ms="12840">
    <groups>
    </groups>
    <test started-at="2025-01-24T19:39:02 IST" name="Default test" finished-at="2025-01-24T19:39:15 IST" duration-ms="12840">
      <class name="test.LoginTest">
        <test-method is-config="true" signature="setup()[pri:0, instance:test.LoginTest@74235045]" started-at="2025-01-24T19:39:02 IST" name="setup" finished-at="2025-01-24T19:39:14 IST" duration-ms="12140" status="PASS">
          <reporter-output>
          </reporter-output>
        </test-method> <!-- setup -->
        <test-method signature="VerifyLogin()[pri:1, instance:test.LoginTest@74235045]" started-at="2025-01-24T19:39:14 IST" name="VerifyLogin" finished-at="2025-01-24T19:39:15 IST" duration-ms="634" status="PASS">
          <reporter-output>
          </reporter-output>
        </test-method> <!-- VerifyLogin -->
        <test-method is-config="true" signature="teardown()[pri:0, instance:test.LoginTest@74235045]" started-at="2025-01-24T19:39:15 IST" name="teardown" finished-at="2025-01-24T19:39:15 IST" duration-ms="1" status="PASS">
          <reporter-output>
          </reporter-output>
        </test-method> <!-- teardown -->
      </class> <!-- test.LoginTest -->
    </test> <!-- Default test -->
  </suite> <!-- Default suite -->
</testng-results>
